VirtualBox VM 5.0.16 r105871 win.amd64 (Mar  4 2016 16:28:58) release log
00:00:33.069584 Log opened 2019-12-19T19:32:44.010664600Z
00:00:33.069585 Build Type: release
00:00:33.069586 OS Product: Windows 7
00:00:33.069587 OS Release: 6.1.7601
00:00:33.069588 OS Service Pack: 1
00:00:33.110842 DMI Product Name: All Series
00:00:33.113270 DMI Product Version: System Version
00:00:33.113276 Host RAM: 32711MB total, 17194MB available
00:00:33.113277 Executable: C:\Program Files\Oracle\VirtualBox\VirtualBox.exe
00:00:33.113278 Process ID: 8996
00:00:33.113278 Package type: WINDOWS_64BITS_GENERIC
00:00:33.116849 Installed Extension Packs:
00:00:33.116869   None installed!
00:00:33.118627 Console: Machine state changed to 'Starting'
00:00:33.198585 SUP: Loaded VMMR0.r0 (C:\Program Files\Oracle\VirtualBox\VMMR0.r0) at 0xfffff88018613000 - ModuleInit at fffff88018634ee0 and ModuleTerm at fffff880186353d0 using the native ring-0 loader
00:00:33.198599 SUP: VMMR0EntryEx located at fffff88018637e00 and VMMR0EntryFast at fffff88018635b10
00:00:33.198603 SUP: windbg> .reload /f C:\Program Files\Oracle\VirtualBox\VMMR0.r0=0xfffff88018613000
00:00:33.201432 Guest OS type: 'Windows81_64'
00:00:33.203382 Enabling CMPXCHG16B for Windows 8.1 / 2k12 or newer guests
00:00:33.203510 fHMForced=true - Lots of RAM
00:00:33.203517 fHMForced=true - 64-bit guest
00:00:33.214625 File system of 'E:\Users\Ваня\Desktop\VM-PG\Snapshots' (snapshots) is unknown
00:00:33.214632 File system of 'E:\Users\Ваня\Desktop\VM-PG\VM-PG.vdi' is ntfs
00:00:33.215764 File system of 'C:\Program Files\Oracle\VirtualBox\VBoxGuestAdditions.iso' (DVD) is ntfs
00:00:33.251119 Shared clipboard service loaded
00:00:33.251127 Shared clipboard mode: Bidirectional
00:00:33.259693 Drag and drop service loaded
00:00:33.259708 Drag and drop mode: Bidirectional
00:00:33.278453 Guest Control service loaded
00:00:33.280026 ************************* CFGM dump *************************
00:00:33.280028 [/] (level 0)
00:00:33.280031   CSAMEnabled       <integer> = 0x0000000000000001 (1)
00:00:33.280032   CpuExecutionCap   <integer> = 0x0000000000000064 (100)
00:00:33.280033   EnablePAE         <integer> = 0x0000000000000000 (0)
00:00:33.280034   HMEnabled         <integer> = 0x0000000000000001 (1)
00:00:33.280035   MemBalloonSize    <integer> = 0x0000000000000000 (0)
00:00:33.280036   Name              <string>  = "VM-PG" (cb=6)
00:00:33.280037   NumCPUs           <integer> = 0x0000000000000001 (1)
00:00:33.280038   PATMEnabled       <integer> = 0x0000000000000001 (1)
00:00:33.280039   PageFusionAllowed <integer> = 0x0000000000000000 (0)
00:00:33.280039   RamHoleSize       <integer> = 0x0000000020000000 (536 870 912, 512 MB)
00:00:33.280041   RamSize           <integer> = 0x0000000144400000 (5 440 012 288, 5 GB)
00:00:33.280042   RawR0Enabled      <integer> = 0x0000000000000001 (1)
00:00:33.280043   RawR3Enabled      <integer> = 0x0000000000000001 (1)
00:00:33.280043   TimerMillies      <integer> = 0x000000000000000a (10)
00:00:33.280044   UUID              <bytes>   = "ef 0a e4 c4 96 9b d2 4c 8e 3f c0 a9 98 4c 5f 57" (cb=16)
00:00:33.280046 
00:00:33.280046 [/CPUM/] (level 1)
00:00:33.280047   CMPXCHG16B         <integer> = 0x0000000000000001 (1)
00:00:33.280047   PortableCpuIdLevel <integer> = 0x0000000000000000 (0)
00:00:33.280048 
00:00:33.280048 [/DBGF/] (level 1)
00:00:33.280049   Path <string>  = "E:\Users\Ваня\Desktop\VM-PG/debug/;E:\Users\Ваня\Desktop\VM-PG/;C:\Users\Ваня/" (cb=91)
00:00:33.280049 
00:00:33.280049 [/Devices/] (level 1)
00:00:33.280050 
00:00:33.280050 [/Devices/8237A/] (level 2)
00:00:33.280051 
00:00:33.280051 [/Devices/8237A/0/] (level 3)
00:00:33.280052   Trusted <integer> = 0x0000000000000001 (1)
00:00:33.280052 
00:00:33.280052 [/Devices/GIMDev/] (level 2)
00:00:33.280053 
00:00:33.280053 [/Devices/GIMDev/0/] (level 3)
00:00:33.280054   Trusted <integer> = 0x0000000000000001 (1)
00:00:33.280054 
00:00:33.280055 [/Devices/VMMDev/] (level 2)
00:00:33.280055 
00:00:33.280055 [/Devices/VMMDev/0/] (level 3)
00:00:33.280056   PCIBusNo      <integer> = 0x0000000000000000 (0)
00:00:33.280057   PCIDeviceNo   <integer> = 0x0000000000000004 (4)
00:00:33.280057   PCIFunctionNo <integer> = 0x0000000000000000 (0)
00:00:33.280058   Trusted       <integer> = 0x0000000000000001 (1)
00:00:33.280058 
00:00:33.280058 [/Devices/VMMDev/0/Config/] (level 4)
00:00:33.280059   GuestCoreDumpDir <string>  = "E:\Users\Ваня\Desktop\VM-PG\Snapshots" (cb=42)
00:00:33.280060   RamSize          <integer> = 0x0000000144400000 (5 440 012 288, 5 GB)
00:00:33.280061 
00:00:33.280061 [/Devices/VMMDev/0/LUN#0/] (level 4)
00:00:33.280062   Driver <string>  = "HGCM" (cb=5)
00:00:33.280062 
00:00:33.280062 [/Devices/VMMDev/0/LUN#0/Config/] (level 5)
00:00:33.280063   Object <integer> = 0x0000000004922680 (76 686 976)
00:00:33.280064 
00:00:33.280064 [/Devices/VMMDev/0/LUN#999/] (level 4)
00:00:33.280065   Driver <string>  = "MainStatus" (cb=11)
00:00:33.280065 
00:00:33.280065 [/Devices/VMMDev/0/LUN#999/Config/] (level 5)
00:00:33.280066   First   <integer> = 0x0000000000000000 (0)
00:00:33.280067   Last    <integer> = 0x0000000000000000 (0)
00:00:33.280068   papLeds <integer> = 0x0000000004894020 (76 103 712)
00:00:33.280069 
00:00:33.280069 [/Devices/acpi/] (level 2)
00:00:33.280070 
00:00:33.280070 [/Devices/acpi/0/] (level 3)
00:00:33.280071   PCIBusNo      <integer> = 0x0000000000000000 (0)
00:00:33.280071   PCIDeviceNo   <integer> = 0x0000000000000007 (7)
00:00:33.280072   PCIFunctionNo <integer> = 0x0000000000000000 (0)
00:00:33.280072   Trusted       <integer> = 0x0000000000000001 (1)
00:00:33.280073 
00:00:33.280073 [/Devices/acpi/0/Config/] (level 4)
00:00:33.280075   CpuHotPlug          <integer> = 0x0000000000000000 (0)
00:00:33.280076   FdcEnabled          <integer> = 0x0000000000000000 (0)
00:00:33.280077   HostBusPciAddress   <integer> = 0x0000000000000000 (0)
00:00:33.280078   HpetEnabled         <integer> = 0x0000000000000000 (0)
00:00:33.280078   IOAPIC              <integer> = 0x0000000000000001 (1)
00:00:33.280079   IocPciAddress       <integer> = 0x0000000000010000 (65 536)
00:00:33.280080   NumCPUs             <integer> = 0x0000000000000001 (1)
00:00:33.280080   Parallel0IoPortBase <integer> = 0x0000000000000000 (0)
00:00:33.280081   Parallel0Irq        <integer> = 0x0000000000000000 (0)
00:00:33.280081   Parallel1IoPortBase <integer> = 0x0000000000000000 (0)
00:00:33.280082   Parallel1Irq        <integer> = 0x0000000000000000 (0)
00:00:33.280082   RamHoleSize         <integer> = 0x0000000020000000 (536 870 912, 512 MB)
00:00:33.280083   RamSize             <integer> = 0x0000000144400000 (5 440 012 288, 5 GB)
00:00:33.280084   Serial0IoPortBase   <integer> = 0x0000000000000000 (0)
00:00:33.280085   Serial0Irq          <integer> = 0x0000000000000000 (0)
00:00:33.280085   Serial1IoPortBase   <integer> = 0x0000000000000000 (0)
00:00:33.280086   Serial1Irq          <integer> = 0x0000000000000000 (0)
00:00:33.280086   ShowCpu             <integer> = 0x0000000000000001 (1)
00:00:33.280087   ShowRtc             <integer> = 0x0000000000000000 (0)
00:00:33.280087   SmcEnabled          <integer> = 0x0000000000000000 (0)
00:00:33.280088 
00:00:33.280088 [/Devices/acpi/0/LUN#0/] (level 4)
00:00:33.280089   Driver <string>  = "ACPIHost" (cb=9)
00:00:33.280089 
00:00:33.280089 [/Devices/acpi/0/LUN#0/Config/] (level 5)
00:00:33.280090 
00:00:33.280090 [/Devices/ahci/] (level 2)
00:00:33.280091 
00:00:33.280091 [/Devices/ahci/0/] (level 3)
00:00:33.280092   PCIBusNo      <integer> = 0x0000000000000000 (0)
00:00:33.280092   PCIDeviceNo   <integer> = 0x000000000000000d (13)
00:00:33.280093   PCIFunctionNo <integer> = 0x0000000000000000 (0)
00:00:33.280093   Trusted       <integer> = 0x0000000000000001 (1)
00:00:33.280094 
00:00:33.280094 [/Devices/ahci/0/Config/] (level 4)
00:00:33.280094   Bootable  <integer> = 0x0000000000000001 (1)
00:00:33.280095   PortCount <integer> = 0x0000000000000002 (2)
00:00:33.280095 
00:00:33.280096 [/Devices/ahci/0/Config/Port0/] (level 5)
00:00:33.280096   Hotpluggable        <integer> = 0x0000000000000000 (0)
00:00:33.280097   NonRotationalMedium <integer> = 0x0000000000000000 (0)
00:00:33.280097 
00:00:33.280098 [/Devices/ahci/0/Config/Port1/] (level 5)
00:00:33.280098   Hotpluggable        <integer> = 0x0000000000000000 (0)
00:00:33.280099   NonRotationalMedium <integer> = 0x0000000000000000 (0)
00:00:33.280099 
00:00:33.280100 [/Devices/ahci/0/LUN#0/] (level 4)
00:00:33.280101   Driver <string>  = "Block" (cb=6)
00:00:33.280101 
00:00:33.280101 [/Devices/ahci/0/LUN#0/AttachedDriver/] (level 5)
00:00:33.280102   Driver <string>  = "VD" (cb=3)
00:00:33.280103 
00:00:33.280103 [/Devices/ahci/0/LUN#0/AttachedDriver/Config/] (level 6)
00:00:33.280104   BlockCache <integer> = 0x0000000000000001 (1)
00:00:33.280104   Format     <string>  = "VDI" (cb=4)
00:00:33.280105   Path       <string>  = "E:\Users\Ваня\Desktop\VM-PG\VM-PG.vdi" (cb=42)
00:00:33.280105   Type       <string>  = "HardDisk" (cb=9)
00:00:33.280106   UseNewIo   <integer> = 0x0000000000000001 (1)
00:00:33.280106 
00:00:33.280107 [/Devices/ahci/0/LUN#0/Config/] (level 5)
00:00:33.280107   Mountable <integer> = 0x0000000000000000 (0)
00:00:33.280108   Type      <string>  = "HardDisk" (cb=9)
00:00:33.280108 
00:00:33.280108 [/Devices/ahci/0/LUN#1/] (level 4)
00:00:33.280109   Driver <string>  = "Block" (cb=6)
00:00:33.280109 
00:00:33.280110 [/Devices/ahci/0/LUN#1/AttachedDriver/] (level 5)
00:00:33.280110   Driver <string>  = "VD" (cb=3)
00:00:33.280111 
00:00:33.280111 [/Devices/ahci/0/LUN#1/AttachedDriver/Config/] (level 6)
00:00:33.280112   Format   <string>  = "RAW" (cb=4)
00:00:33.280113   Path     <string>  = "C:\Program Files\Oracle\VirtualBox\VBoxGuestAdditions.iso" (cb=58)
00:00:33.280113   ReadOnly <integer> = 0x0000000000000001 (1)
00:00:33.280114   Type     <string>  = "DVD" (cb=4)
00:00:33.280114   UseNewIo <integer> = 0x0000000000000001 (1)
00:00:33.280115 
00:00:33.280115 [/Devices/ahci/0/LUN#1/Config/] (level 5)
00:00:33.280116   Mountable <integer> = 0x0000000000000001 (1)
00:00:33.280117   Type      <string>  = "DVD" (cb=4)
00:00:33.280117 
00:00:33.280118 [/Devices/ahci/0/LUN#999/] (level 4)
00:00:33.280119   Driver <string>  = "MainStatus" (cb=11)
00:00:33.280120 
00:00:33.280120 [/Devices/ahci/0/LUN#999/Config/] (level 5)
00:00:33.280121   DeviceInstance        <string>  = "ahci/0" (cb=7)
00:00:33.280122   First                 <integer> = 0x0000000000000000 (0)
00:00:33.280123   Last                  <integer> = 0x0000000000000001 (1)
00:00:33.280124   pConsole              <integer> = 0x00000000048939a0 (76 102 048)
00:00:33.280125   papLeds               <integer> = 0x0000000004893d10 (76 102 928)
00:00:33.280126   pmapMediumAttachments <integer> = 0x0000000004894040 (76 103 744)
00:00:33.280127 
00:00:33.280127 [/Devices/apic/] (level 2)
00:00:33.280128 
00:00:33.280128 [/Devices/apic/0/] (level 3)
00:00:33.280128   Trusted <integer> = 0x0000000000000001 (1)
00:00:33.280129 
00:00:33.280129 [/Devices/apic/0/Config/] (level 4)
00:00:33.280130   IOAPIC  <integer> = 0x0000000000000001 (1)
00:00:33.280130   NumCPUs <integer> = 0x0000000000000001 (1)
00:00:33.280131 
00:00:33.280131 [/Devices/e1000/] (level 2)
00:00:33.280131 
00:00:33.280131 [/Devices/e1000/0/] (level 3)
00:00:33.280132   PCIBusNo      <integer> = 0x0000000000000000 (0)
00:00:33.280133   PCIDeviceNo   <integer> = 0x0000000000000003 (3)
00:00:33.280134   PCIFunctionNo <integer> = 0x0000000000000000 (0)
00:00:33.280134   Trusted       <integer> = 0x0000000000000001 (1)
00:00:33.280135 
00:00:33.280135 [/Devices/e1000/0/Config/] (level 4)
00:00:33.280136   AdapterType    <integer> = 0x0000000000000000 (0)
00:00:33.280137   CableConnected <integer> = 0x0000000000000001 (1)
00:00:33.280137   LineSpeed      <integer> = 0x0000000000000000 (0)
00:00:33.280138   MAC            <bytes>   = "08 00 27 91 f0 6a" (cb=6)
00:00:33.280139 
00:00:33.280139 [/Devices/e1000/0/LUN#0/] (level 4)
00:00:33.280140   Driver <string>  = "NAT" (cb=4)
00:00:33.280140 
00:00:33.280140 [/Devices/e1000/0/LUN#0/Config/] (level 5)
00:00:33.280141   AliasMode       <integer> = 0x0000000000000000 (0)
00:00:33.280141   BootFile        <string>  = "VM-PG.pxe" (cb=10)
00:00:33.280142   DNSProxy        <integer> = 0x0000000000000000 (0)
00:00:33.280143   Network         <string>  = "10.0.2.0/24" (cb=12)
00:00:33.280143   PassDomain      <integer> = 0x0000000000000001 (1)
00:00:33.280143   TFTPPrefix      <string>  = "C:\Users\Ваня/.VirtualBox\TFTP" (cb=35)
00:00:33.280144   UseHostResolver <integer> = 0x0000000000000000 (0)
00:00:33.280144 
00:00:33.280145 [/Devices/e1000/0/LUN#999/] (level 4)
00:00:33.280145   Driver <string>  = "MainStatus" (cb=11)
00:00:33.280146 
00:00:33.280146 [/Devices/e1000/0/LUN#999/Config/] (level 5)
00:00:33.280147   First   <integer> = 0x0000000000000000 (0)
00:00:33.280147   Last    <integer> = 0x0000000000000000 (0)
00:00:33.280148   papLeds <integer> = 0x0000000004893f00 (76 103 424)
00:00:33.280148 
00:00:33.280149 [/Devices/hda/] (level 2)
00:00:33.280149 
00:00:33.280149 [/Devices/hda/0/] (level 3)
00:00:33.280150   PCIBusNo      <integer> = 0x0000000000000000 (0)
00:00:33.280150   PCIDeviceNo   <integer> = 0x0000000000000005 (5)
00:00:33.280151   PCIFunctionNo <integer> = 0x0000000000000000 (0)
00:00:33.280151   Trusted       <integer> = 0x0000000000000001 (1)
00:00:33.280152 
00:00:33.280152 [/Devices/hda/0/AudioConfig/] (level 4)
00:00:33.280153 
00:00:33.280153 [/Devices/hda/0/Config/] (level 4)
00:00:33.280153 
00:00:33.280153 [/Devices/hda/0/LUN#0/] (level 4)
00:00:33.280154   Driver <string>  = "AUDIO" (cb=6)
00:00:33.280154 
00:00:33.280155 [/Devices/hda/0/LUN#0/AttachedDriver/] (level 5)
00:00:33.280155   Driver <string>  = "DSoundAudio" (cb=12)
00:00:33.280156 
00:00:33.280156 [/Devices/hda/0/LUN#0/AttachedDriver/Config/] (level 6)
00:00:33.280157   StreamName <string>  = "VM-PG" (cb=6)
00:00:33.280157 
00:00:33.280157 [/Devices/hda/0/LUN#0/Config/] (level 5)
00:00:33.280158 
00:00:33.280158 [/Devices/hda/0/LUN#1/] (level 4)
00:00:33.280159   Driver <string>  = "AUDIO" (cb=6)
00:00:33.280159 
00:00:33.280160 [/Devices/hda/0/LUN#1/AttachedDriver/] (level 5)
00:00:33.280161   Driver <string>  = "AudioVRDE" (cb=10)
00:00:33.280161 
00:00:33.280162 [/Devices/hda/0/LUN#1/AttachedDriver/Config/] (level 6)
00:00:33.280163   AudioDriver      <string>  = "AudioVRDE" (cb=10)
00:00:33.280164   Object           <integer> = 0x00000000048c1920 (76 290 336)
00:00:33.280165   ObjectVRDPServer <integer> = 0x00000000048b19e0 (76 224 992)
00:00:33.280166   StreamName       <string>  = "VM-PG" (cb=6)
00:00:33.280166 
00:00:33.280167 [/Devices/i8254/] (level 2)
00:00:33.280168 
00:00:33.280168 [/Devices/i8254/0/] (level 3)
00:00:33.280169 
00:00:33.280169 [/Devices/i8254/0/Config/] (level 4)
00:00:33.280170 
00:00:33.280170 [/Devices/i8259/] (level 2)
00:00:33.280170 
00:00:33.280170 [/Devices/i8259/0/] (level 3)
00:00:33.280171   Trusted <integer> = 0x0000000000000001 (1)
00:00:33.280172 
00:00:33.280172 [/Devices/i8259/0/Config/] (level 4)
00:00:33.280172 
00:00:33.280173 [/Devices/ioapic/] (level 2)
00:00:33.280173 
00:00:33.280173 [/Devices/ioapic/0/] (level 3)
00:00:33.280174   Trusted <integer> = 0x0000000000000001 (1)
00:00:33.280174 
00:00:33.280175 [/Devices/ioapic/0/Config/] (level 4)
00:00:33.280175   NumCPUs <integer> = 0x0000000000000001 (1)
00:00:33.280176 
00:00:33.280176 [/Devices/mc146818/] (level 2)
00:00:33.280177 
00:00:33.280177 [/Devices/mc146818/0/] (level 3)
00:00:33.280178 
00:00:33.280179 [/Devices/mc146818/0/Config/] (level 4)
00:00:33.280180   UseUTC <integer> = 0x0000000000000000 (0)
00:00:33.280180 
00:00:33.280181 [/Devices/parallel/] (level 2)
00:00:33.280182 
00:00:33.280182 [/Devices/pcarch/] (level 2)
00:00:33.280183 
00:00:33.280183 [/Devices/pcarch/0/] (level 3)
00:00:33.280183   Trusted <integer> = 0x0000000000000001 (1)
00:00:33.280184 
00:00:33.280184 [/Devices/pcarch/0/Config/] (level 4)
00:00:33.280185 
00:00:33.280185 [/Devices/pcbios/] (level 2)
00:00:33.280186 
00:00:33.280186 [/Devices/pcbios/0/] (level 3)
00:00:33.280186   Trusted <integer> = 0x0000000000000001 (1)
00:00:33.280187 
00:00:33.280187 [/Devices/pcbios/0/Config/] (level 4)
00:00:33.280189   BootDevice0        <string>  = "FLOPPY" (cb=7)
00:00:33.280189   BootDevice1        <string>  = "DVD" (cb=4)
00:00:33.280190   BootDevice2        <string>  = "IDE" (cb=4)
00:00:33.280190   BootDevice3        <string>  = "NONE" (cb=5)
00:00:33.280190   FloppyDevice       <string>  = "i82078" (cb=7)
00:00:33.280191   HardDiskDevice     <string>  = "piix3ide" (cb=9)
00:00:33.280192   IOAPIC             <integer> = 0x0000000000000001 (1)
00:00:33.280193   McfgBase           <integer> = 0x0000000000000000 (0)
00:00:33.280194   McfgLength         <integer> = 0x0000000000000000 (0)
00:00:33.280194   NumCPUs            <integer> = 0x0000000000000001 (1)
00:00:33.280194   PXEDebug           <integer> = 0x0000000000000000 (0)
00:00:33.280194   RamHoleSize        <integer> = 0x0000000020000000 (536 870 912, 512 MB)
00:00:33.280197   RamSize            <integer> = 0x0000000144400000 (5 440 012 288, 5 GB)
00:00:33.280198   SataHardDiskDevice <string>  = "ahci" (cb=5)
00:00:33.280199   SataLUN1           <integer> = 0x0000000000000000 (0)
00:00:33.280200   UUID               <bytes>   = "ef 0a e4 c4 96 9b d2 4c 8e 3f c0 a9 98 4c 5f 57" (cb=16)
00:00:33.280202 
00:00:33.280202 [/Devices/pcbios/0/Config/NetBoot/] (level 5)
00:00:33.280204 
00:00:33.280204 [/Devices/pcbios/0/Config/NetBoot/0/] (level 6)
00:00:33.280205   NIC           <integer> = 0x0000000000000000 (0)
00:00:33.280206   PCIBusNo      <integer> = 0x0000000000000000 (0)
00:00:33.280207   PCIDeviceNo   <integer> = 0x0000000000000003 (3)
00:00:33.280207   PCIFunctionNo <integer> = 0x0000000000000000 (0)
00:00:33.280208 
00:00:33.280208 [/Devices/pci/] (level 2)
00:00:33.280209 
00:00:33.280209 [/Devices/pci/0/] (level 3)
00:00:33.280209   Trusted <integer> = 0x0000000000000001 (1)
00:00:33.280210 
00:00:33.280210 [/Devices/pci/0/Config/] (level 4)
00:00:33.280211   IOAPIC <integer> = 0x0000000000000001 (1)
00:00:33.280211 
00:00:33.280211 [/Devices/pckbd/] (level 2)
00:00:33.280212 
00:00:33.280212 [/Devices/pckbd/0/] (level 3)
00:00:33.280212   Trusted <integer> = 0x0000000000000001 (1)
00:00:33.280213 
00:00:33.280213 [/Devices/pckbd/0/Config/] (level 4)
00:00:33.280214 
00:00:33.280214 [/Devices/pckbd/0/LUN#0/] (level 4)
00:00:33.280215   Driver <string>  = "KeyboardQueue" (cb=14)
00:00:33.280215 
00:00:33.280215 [/Devices/pckbd/0/LUN#0/AttachedDriver/] (level 5)
00:00:33.280216   Driver <string>  = "MainKeyboard" (cb=13)
00:00:33.280217 
00:00:33.280217 [/Devices/pckbd/0/LUN#0/AttachedDriver/Config/] (level 6)
00:00:33.280218   Object <integer> = 0x000000000400da40 (67 164 736)
00:00:33.280218 
00:00:33.280218 [/Devices/pckbd/0/LUN#0/Config/] (level 5)
00:00:33.280219   QueueSize <integer> = 0x0000000000000040 (64)
00:00:33.280220 
00:00:33.280220 [/Devices/pckbd/0/LUN#1/] (level 4)
00:00:33.280220   Driver <string>  = "MouseQueue" (cb=11)
00:00:33.280221 
00:00:33.280221 [/Devices/pckbd/0/LUN#1/AttachedDriver/] (level 5)
00:00:33.280222   Driver <string>  = "MainMouse" (cb=10)
00:00:33.280222 
00:00:33.280222 [/Devices/pckbd/0/LUN#1/AttachedDriver/Config/] (level 6)
00:00:33.280223   Object <integer> = 0x000000000488a930 (76 065 072)
00:00:33.280224 
00:00:33.280224 [/Devices/pckbd/0/LUN#1/Config/] (level 5)
00:00:33.280225   QueueSize <integer> = 0x0000000000000080 (128)
00:00:33.280225 
00:00:33.280225 [/Devices/pcnet/] (level 2)
00:00:33.280226 
00:00:33.280226 [/Devices/serial/] (level 2)
00:00:33.280227 
00:00:33.280227 [/Devices/usb-ohci/] (level 2)
00:00:33.280228 
00:00:33.280229 [/Devices/usb-ohci/0/] (level 3)
00:00:33.280230   PCIBusNo      <integer> = 0x0000000000000000 (0)
00:00:33.280231   PCIDeviceNo   <integer> = 0x0000000000000006 (6)
00:00:33.280231   PCIFunctionNo <integer> = 0x0000000000000000 (0)
00:00:33.280232   Trusted       <integer> = 0x0000000000000001 (1)
00:00:33.280233 
00:00:33.280233 [/Devices/usb-ohci/0/Config/] (level 4)
00:00:33.280234 
00:00:33.280234 [/Devices/usb-ohci/0/LUN#0/] (level 4)
00:00:33.280235   Driver <string>  = "VUSBRootHub" (cb=12)
00:00:33.280235 
00:00:33.280235 [/Devices/usb-ohci/0/LUN#0/Config/] (level 5)
00:00:33.280236 
00:00:33.280236 [/Devices/usb-ohci/0/LUN#999/] (level 4)
00:00:33.280237   Driver <string>  = "MainStatus" (cb=11)
00:00:33.280237 
00:00:33.280238 [/Devices/usb-ohci/0/LUN#999/Config/] (level 5)
00:00:33.280238   First   <integer> = 0x0000000000000000 (0)
00:00:33.280239   Last    <integer> = 0x0000000000000000 (0)
00:00:33.280239   papLeds <integer> = 0x0000000004894028 (76 103 720)
00:00:33.280240 
00:00:33.280240 [/Devices/vga/] (level 2)
00:00:33.280241 
00:00:33.280241 [/Devices/vga/0/] (level 3)
00:00:33.280241   PCIBusNo      <integer> = 0x0000000000000000 (0)
00:00:33.280242   PCIDeviceNo   <integer> = 0x0000000000000002 (2)
00:00:33.280242   PCIFunctionNo <integer> = 0x0000000000000000 (0)
00:00:33.280243   Trusted       <integer> = 0x0000000000000001 (1)
00:00:33.280243 
00:00:33.280243 [/Devices/vga/0/Config/] (level 4)
00:00:33.280245   CustomVideoModes <integer> = 0x0000000000000000 (0)
00:00:33.280245   FadeIn           <integer> = 0x0000000000000001 (1)
00:00:33.280245   FadeOut          <integer> = 0x0000000000000001 (1)
00:00:33.280246   HeightReduction  <integer> = 0x0000000000000000 (0)
00:00:33.280246   LogoFile         <string>  = "" (cb=1)
00:00:33.280247   LogoTime         <integer> = 0x0000000000000000 (0)
00:00:33.280247   MonitorCount     <integer> = 0x0000000000000001 (1)
00:00:33.280248   ShowBootMenu     <integer> = 0x0000000000000002 (2)
00:00:33.280248   VRamSize         <integer> = 0x0000000008000000 (134 217 728, 128 MB)
00:00:33.280249 
00:00:33.280249 [/Devices/vga/0/LUN#0/] (level 4)
00:00:33.280250   Driver <string>  = "MainDisplay" (cb=12)
00:00:33.280250 
00:00:33.280251 [/Devices/vga/0/LUN#0/Config/] (level 5)
00:00:33.280251   Object <integer> = 0x00000000049151f0 (76 632 560)
00:00:33.280252 
00:00:33.280252 [/Devices/vga/0/LUN#999/] (level 4)
00:00:33.280253   Driver <string>  = "MainStatus" (cb=11)
00:00:33.280253 
00:00:33.280254 [/Devices/vga/0/LUN#999/Config/] (level 5)
00:00:33.280254   First   <integer> = 0x0000000000000000 (0)
00:00:33.280255   Last    <integer> = 0x0000000000000000 (0)
00:00:33.280255   papLeds <integer> = 0x0000000004894038 (76 103 736)
00:00:33.280256 
00:00:33.280256 [/Devices/virtio-net/] (level 2)
00:00:33.280257 
00:00:33.280257 [/EM/] (level 1)
00:00:33.280257   TripleFaultReset <integer> = 0x0000000000000000 (0)
00:00:33.280258 
00:00:33.280258 [/GIM/] (level 1)
00:00:33.280258   Provider <string>  = "HyperV" (cb=7)
00:00:33.280259 
00:00:33.280259 [/HM/] (level 1)
00:00:33.280260   64bitEnabled       <integer> = 0x0000000000000001 (1)
00:00:33.280260   EnableLargePages   <integer> = 0x0000000000000001 (1)
00:00:33.280261   EnableNestedPaging <integer> = 0x0000000000000001 (1)
00:00:33.280261   EnableUX           <integer> = 0x0000000000000001 (1)
00:00:33.280262   EnableVPID         <integer> = 0x0000000000000001 (1)
00:00:33.280262   Exclusive          <integer> = 0x0000000000000000 (0)
00:00:33.280263   HMForced           <integer> = 0x0000000000000001 (1)
00:00:33.280263 
00:00:33.280263 [/MM/] (level 1)
00:00:33.280264   CanUseLargerHeap <integer> = 0x0000000000000000 (0)
00:00:33.280264 
00:00:33.280264 [/PDM/] (level 1)
00:00:33.280265 
00:00:33.280265 [/PDM/AsyncCompletion/] (level 2)
00:00:33.280266 
00:00:33.280266 [/PDM/AsyncCompletion/File/] (level 3)
00:00:33.280267 
00:00:33.280267 [/PDM/AsyncCompletion/File/BwGroups/] (level 4)
00:00:33.280267 
00:00:33.280268 [/PDM/BlkCache/] (level 2)
00:00:33.280268   CacheSize <integer> = 0x0000000000500000 (5 242 880, 5 MB)
00:00:33.280269 
00:00:33.280269 [/PDM/Devices/] (level 2)
00:00:33.280270 
00:00:33.280270 [/PDM/Drivers/] (level 2)
00:00:33.280270 
00:00:33.280271 [/PDM/Drivers/VBoxC/] (level 3)
00:00:33.280271   Path <string>  = "VBoxC" (cb=6)
00:00:33.280271 
00:00:33.280272 [/PDM/NetworkShaper/] (level 2)
00:00:33.280272 
00:00:33.280272 [/PDM/NetworkShaper/BwGroups/] (level 3)
00:00:33.280273 
00:00:33.280273 [/TM/] (level 1)
00:00:33.280274   UTCOffset <integer> = 0x0000000000000000 (0)
00:00:33.280274 
00:00:33.280275 [/USB/] (level 1)
00:00:33.280275 
00:00:33.280276 [/USB/HidMouse/] (level 2)
00:00:33.280277 
00:00:33.280277 [/USB/HidMouse/0/] (level 3)
00:00:33.280278 
00:00:33.280278 [/USB/HidMouse/0/Config/] (level 4)
00:00:33.280279   Mode <string>  = "absolute" (cb=9)
00:00:33.280280 
00:00:33.280280 [/USB/HidMouse/0/LUN#0/] (level 4)
00:00:33.280281   Driver <string>  = "MouseQueue" (cb=11)
00:00:33.280281 
00:00:33.280282 [/USB/HidMouse/0/LUN#0/AttachedDriver/] (level 5)
00:00:33.280282   Driver <string>  = "MainMouse" (cb=10)
00:00:33.280283 
00:00:33.280283 [/USB/HidMouse/0/LUN#0/AttachedDriver/Config/] (level 6)
00:00:33.280284   Object <integer> = 0x000000000488a930 (76 065 072)
00:00:33.280284 
00:00:33.280285 [/USB/HidMouse/0/LUN#0/Config/] (level 5)
00:00:33.280285   QueueSize <integer> = 0x0000000000000080 (128)
00:00:33.280286 
00:00:33.280286 [/USB/USBProxy/] (level 2)
00:00:33.280287 
00:00:33.280287 [/USB/USBProxy/GlobalConfig/] (level 3)
00:00:33.280287 
00:00:33.280288 ********************* End of CFGM dump **********************
00:00:33.280320 VM: fHMEnabled=true  (configured) fRecompileUser=false fRecompileSupervisor=false
00:00:33.280322 VM: fRawRing1Enabled=false CSAM=true  PATM=true 
00:00:33.280467 HM: HMR3Init: VT-x w/ nested paging and unrestricted guest execution hw support
00:00:33.280533 MM: cbHyperHeap=0x100000 (1048576)
00:00:33.281225 CPUM: fXStateHostMask=0x7; initial: 0x7; host XCR0=0x7
00:00:33.281826 Warning: /CPUM/CMPXCHG16B is deprecated, use /CPUM/IsaExts/CMPXCHG16B instead.
00:00:33.282214 CPUM: Matched host CPU INTEL 0x6/0x3c/0x3 Intel_Core7_Haswell with CPU DB entry 'Intel Core i7-5600U' (INTEL 0x6/0x3d/0x4 Intel_Core7_Broadwell)
00:00:33.283211 PGM: HCPhysInterPD=00000000ddb43000 HCPhysInterPaePDPT=00000000ddb40000 HCPhysInterPaePML4=00000000ddb3e000
00:00:33.283218 PGM: apInterPTs={00000000ddb42000,00000000ddb41000} apInterPaePTs={0000000331445000,000000032ec46000} apInterPaePDs={000000032fec7000,0000000334ac8000,00000003308c9000,0000000328d4a000} pInterPaePDPT64=00000000ddb3f000
00:00:33.283224 PGM: Host paging mode: AMD64+PGE+NX
00:00:33.283250 PGM: PGMPool: cMaxPages=2640 (u64MaxPages=2631)
00:00:33.283253 PGM: pgmR3PoolInit: cMaxPages=0xa50 cMaxUsers=0x14a0 cMaxPhysExts=0x14a0 fCacheEnable=true 
00:00:33.311780 TM: GIP - u32Mode=3 (Invariant) u32UpdateHz=100 u32UpdateIntervalNS=10000000 enmUseTscDelta=2 (Pratically Zero) fGetGipCpu=0x1 cCpus=8
00:00:33.311806 TM: GIP - u64CpuHz=3 997 692 511 (0xee47f25f)  SUPGetCpuHzFromGip => 3 997 692 511
00:00:33.311811 TM: GIP - CPU: iCpuSet=0x0 idCpu=0x0 idApic=0x0 iGipCpu=0x0 i64TSCDelta=0 enmState=3 u64CpuHz=3997692511(*) cErrors=0
00:00:33.311815 TM: GIP - CPU: iCpuSet=0x1 idCpu=0x1 idApic=0x1 iGipCpu=0x5 i64TSCDelta=0 enmState=3 u64CpuHz=3997684089(*) cErrors=0
00:00:33.311818 TM: GIP - CPU: iCpuSet=0x2 idCpu=0x2 idApic=0x2 iGipCpu=0x7 i64TSCDelta=0 enmState=3 u64CpuHz=3997693724(*) cErrors=0
00:00:33.311822 TM: GIP - CPU: iCpuSet=0x3 idCpu=0x3 idApic=0x3 iGipCpu=0x2 i64TSCDelta=0 enmState=3 u64CpuHz=4016342020(*) cErrors=0
00:00:33.311824 TM: GIP - CPU: iCpuSet=0x4 idCpu=0x4 idApic=0x4 iGipCpu=0x6 i64TSCDelta=0 enmState=3 u64CpuHz=3997684583(*) cErrors=0
00:00:33.311826 TM: GIP - CPU: iCpuSet=0x5 idCpu=0x5 idApic=0x5 iGipCpu=0x3 i64TSCDelta=0 enmState=3 u64CpuHz=3997684948(*) cErrors=0
00:00:33.311828 TM: GIP - CPU: iCpuSet=0x6 idCpu=0x6 idApic=0x6 iGipCpu=0x4 i64TSCDelta=0 enmState=3 u64CpuHz=3997682816(*) cErrors=0
00:00:33.311830 TM: GIP - CPU: iCpuSet=0x7 idCpu=0x7 idApic=0x7 iGipCpu=0x1 i64TSCDelta=0 enmState=3 u64CpuHz=3997595031(*) cErrors=0
00:00:33.311908 TM: cTSCTicksPerSecond=3 997 692 511 (0xee47f25f) enmTSCMode=3 (Dynamic)
00:00:33.311910 TM: TSCTiedToExecution=false TSCNotTiedToHalt=false
00:00:33.312342 VMM: CoreCode: R3=0000000001140000 R0=fffff8801b45a000 RC=a0fb1000 Phys=00000000ddb22000 cb=0x1000
00:00:33.312866 GIM: Using provider 'HyperV' (Implementation version: 0)
00:00:33.312893 CPUM: SetGuestCpuIdFeature: Enabled Hypervisor Present bit
00:00:33.313089 AIOMgr: Default manager type is 'Async'
00:00:33.313095 AIOMgr: Default file backend is 'NonBuffered'
00:00:33.313283 BlkCache: Cache successfully initialized. Cache size is 5242880 bytes
00:00:33.313290 BlkCache: Cache commit interval is 10000 ms
00:00:33.313294 BlkCache: Cache commit threshold is 2621440 bytes
00:00:33.460618 PcBios: [SMP] BIOS with 1 CPUs
00:00:33.460934 PcBios: MPS table at 000e1300
00:00:33.472173 SUP: Loaded VBoxDDR0.r0 (C:\Program Files\Oracle\VirtualBox\VBoxDDR0.r0) at 0xfffff88018739000 - ModuleInit at 0000000000000000 and ModuleTerm at 0000000000000000 using the native ring-0 loader
00:00:33.472184 SUP: windbg> .reload /f C:\Program Files\Oracle\VirtualBox\VBoxDDR0.r0=0xfffff88018739000
00:00:33.480593 SUP: Loaded VBoxDD2R0.r0 (C:\Program Files\Oracle\VirtualBox\VBoxDD2R0.r0) at 0xfffff88018762000 - ModuleInit at 0000000000000000 and ModuleTerm at 0000000000000000 using the native ring-0 loader
00:00:33.480604 SUP: windbg> .reload /f C:\Program Files\Oracle\VirtualBox\VBoxDD2R0.r0=0xfffff88018762000
00:00:33.480679 APIC: Activating Local APIC
00:00:33.480683 CPUM: SetGuestCpuIdFeature: Enabled APIC
00:00:33.481188 PIT: mode=3 count=0x10000 (65536) - 18.20 Hz (ch=0)
00:00:33.490418 Shared Folders service loaded
00:00:33.508748 DrvBlock: Flushes will be ignored
00:00:33.508767 DrvBlock: Async flushes will be passed to the disk
00:00:33.508983 VD: VDInit finished
00:00:33.545107 AIOMgr: Endpoint for file 'E:\Users\Ваня\Desktop\VM-PG\VM-PG.vdi' (flags 000c0723) created successfully
00:00:33.546211 VD: Opening the disk took 37408761 ns
00:00:33.546342 AHCI: LUN#0: disk, PCHS=16383/16/63, total number of sectors 169346176
00:00:33.546350 AHCI: LUN#0: using async I/O
00:00:33.546510 DrvBlock: Flushes will be ignored
00:00:33.546518 DrvBlock: Async flushes will be passed to the disk
00:00:33.546637 AIOMgr: Endpoint for file 'C:\Program Files\Oracle\VirtualBox\VBoxGuestAdditions.iso' (flags 000c0781) created successfully
00:00:33.546643 VD: Opening the disk took 111905 ns
00:00:33.546650 AHCI LUN#1: CD/DVD, total number of sectors 29328, passthrough disabled
00:00:33.546655 AHCI: LUN#1: using async I/O
00:00:33.546772 AHCI#0: Reset the HBA
00:00:33.564329 NAT: DNS#0: 192.168.1.1
00:00:33.564806 Audio: Initializing DirectSound audio driver
00:00:33.603727 DSound: Output: GUID: {4359C2DC-8629-4DA3-B2EA-4C8DB1BD7049} [Динамики (Realtek High Definition Audio)] (Module: {0.0.0.00000000}.{4359c2dc-8629-4da3-b2ea-4c8db1bd7049})
00:00:33.603747 DSound: Output: GUID: {7508E04C-A0B0-4E6C-82DE-8E65FCC108C4} [Realtek Digital Output (Realtek High Definition Audio)] (Module: {0.0.0.00000000}.{7508e04c-a0b0-4e6c-82de-8e65fcc108c4})
00:00:33.646228 DSound: Found 2 host playback devices
00:00:33.646235 DSound: Found 0 host capturing devices
00:00:33.646705 Audio: Host audio backend supports 2 output streams and 0 input streams at once
00:00:33.646721 Audio: Initializing VRDE driver
00:00:33.646744 Audio: Host audio backend supports 1 output streams and 2 input streams at once
00:00:33.646804 Audio: Skipping to create input stream "[LUN#0] hda.in", as the host audio backend reached its maximum of concurrent audio input streams
00:00:33.654210 HDA: Reset
00:00:33.654732 GIMDev: Registered Hyper-V hypercall page
00:00:33.654760 GIMDev: Registered Hyper-V TSC page
00:00:33.654990 VUSB: Attached 'HidMouse' to port 1
00:00:33.657154 PcBios: SATA LUN#0 LCHS=1024/255/63
00:00:33.657302 PGM: The CPU physical address width is 39 bits
00:00:33.657307 PGM: PGMR3InitFinalize: 4 MB PSE mask 0000007fffffffff
00:00:33.657461 TM: TMR3InitFinalize: fTSCModeSwitchAllowed=true 
00:00:33.675124 VMM: Thread-context hooks unavailable
00:00:33.675621 HM: Using VT-x implementation 2.0!
00:00:33.675621 HM: Host CR4                        = 0x506f8
00:00:33.675622 HM: Host EFER                       = 0xd01
00:00:33.675623 HM: MSR_IA32_SMM_MONITOR_CTL        = 0x0
00:00:33.675623 HM: MSR_IA32_FEATURE_CONTROL        = 0x5
00:00:33.675624 HM: MSR_IA32_VMX_BASIC_INFO         = 0xda040000000012
00:00:33.675624 HM:   VMCS id                             = 0x12
00:00:33.675625 HM:   VMCS size                           = 1024 bytes
00:00:33.675625 HM:   VMCS physical address limit         = None
00:00:33.675626 HM:   VMCS memory type                    = 0x6
00:00:33.675626 HM:   Dual-monitor treatment support      = true 
00:00:33.675627 HM:   OUTS & INS instruction-info         = true 
00:00:33.675627 HM: Max resume loops                = 1024
00:00:33.675627 HM: MSR_IA32_VMX_PINBASED_CTLS      = 0x7f00000016
00:00:33.675628 HM:   VMX_VMCS_CTRL_PIN_EXEC_EXT_INT_EXIT
00:00:33.675628 HM:   VMX_VMCS_CTRL_PIN_EXEC_NMI_EXIT
00:00:33.675629 HM:   VMX_VMCS_CTRL_PIN_EXEC_VIRTUAL_NMI
00:00:33.675629 HM:   VMX_VMCS_CTRL_PIN_EXEC_PREEMPT_TIMER
00:00:33.675629 HM: MSR_IA32_VMX_PROCBASED_CTLS     = 0xfff9fffe0401e172
00:00:33.675630 HM:   VMX_VMCS_CTRL_PROC_EXEC_INT_WINDOW_EXIT
00:00:33.675630 HM:   VMX_VMCS_CTRL_PROC_EXEC_USE_TSC_OFFSETTING
00:00:33.675630 HM:   VMX_VMCS_CTRL_PROC_EXEC_HLT_EXIT
00:00:33.675631 HM:   VMX_VMCS_CTRL_PROC_EXEC_INVLPG_EXIT
00:00:33.675641 HM:   VMX_VMCS_CTRL_PROC_EXEC_MWAIT_EXIT
00:00:33.675641 HM:   VMX_VMCS_CTRL_PROC_EXEC_RDPMC_EXIT
00:00:33.675641 HM:   VMX_VMCS_CTRL_PROC_EXEC_RDTSC_EXIT
00:00:33.675642 HM:   VMX_VMCS_CTRL_PROC_EXEC_CR3_LOAD_EXIT (must be set)
00:00:33.675642 HM:   VMX_VMCS_CTRL_PROC_EXEC_CR3_STORE_EXIT (must be set)
00:00:33.675642 HM:   VMX_VMCS_CTRL_PROC_EXEC_CR8_LOAD_EXIT
00:00:33.675643 HM:   VMX_VMCS_CTRL_PROC_EXEC_CR8_STORE_EXIT
00:00:33.675643 HM:   VMX_VMCS_CTRL_PROC_EXEC_USE_TPR_SHADOW
00:00:33.675643 HM:   VMX_VMCS_CTRL_PROC_EXEC_NMI_WINDOW_EXIT
00:00:33.675643 HM:   VMX_VMCS_CTRL_PROC_EXEC_MOV_DR_EXIT
00:00:33.675644 HM:   VMX_VMCS_CTRL_PROC_EXEC_UNCOND_IO_EXIT
00:00:33.675644 HM:   VMX_VMCS_CTRL_PROC_EXEC_USE_IO_BITMAPS
00:00:33.675644 HM:   VMX_VMCS_CTRL_PROC_EXEC_MONITOR_TRAP_FLAG
00:00:33.675645 HM:   VMX_VMCS_CTRL_PROC_EXEC_USE_MSR_BITMAPS
00:00:33.675645 HM:   VMX_VMCS_CTRL_PROC_EXEC_MONITOR_EXIT
00:00:33.675645 HM:   VMX_VMCS_CTRL_PROC_EXEC_PAUSE_EXIT
00:00:33.675645 HM:   VMX_VMCS_CTRL_PROC_EXEC_USE_SECONDARY_EXEC_CTRL
00:00:33.675646 HM: MSR_IA32_VMX_PROCBASED_CTLS2    = 0x3cff00000000
00:00:33.675646 HM:   VMX_VMCS_CTRL_PROC_EXEC2_VIRT_APIC
00:00:33.675647 HM:   VMX_VMCS_CTRL_PROC_EXEC2_EPT
00:00:33.675647 HM:   VMX_VMCS_CTRL_PROC_EXEC2_DESCRIPTOR_TABLE_EXIT
00:00:33.675647 HM:   VMX_VMCS_CTRL_PROC_EXEC2_RDTSCP
00:00:33.675647 HM:   VMX_VMCS_CTRL_PROC_EXEC2_VIRT_X2APIC
00:00:33.675648 HM:   VMX_VMCS_CTRL_PROC_EXEC2_VPID
00:00:33.675667 HM:   VMX_VMCS_CTRL_PROC_EXEC2_WBINVD_EXIT
00:00:33.675668 HM:   VMX_VMCS_CTRL_PROC_EXEC2_UNRESTRICTED_GUEST
00:00:33.675668 HM:   VMX_VMCS_CTRL_PROC_EXEC2_PAUSE_LOOP_EXIT
00:00:33.675668 HM:   VMX_VMCS_CTRL_PROC_EXEC2_RDRAND_EXIT
00:00:33.675669 HM:   VMX_VMCS_CTRL_PROC_EXEC2_INVPCID
00:00:33.675669 HM:   VMX_VMCS_CTRL_PROC_EXEC2_VMFUNC
00:00:33.675669 HM:   VMX_VMCS_CTRL_PROC_EXEC2_VMCS_SHADOWING (must be cleared)
00:00:33.675669 HM:   VMX_VMCS_CTRL_PROC_EXEC2_RDSEED_EXIT (must be cleared)
00:00:33.675670 HM:   VMX_VMCS_CTRL_PROC_EXEC2_EPT_VE (must be cleared)
00:00:33.675670 HM:   VMX_VMCS_CTRL_PROC_EXEC2_XSAVES (must be cleared)
00:00:33.675670 HM: MSR_IA32_VMX_ENTRY_CTLS         = 0xffff000011ff
00:00:33.675671 HM:   VMX_VMCS_CTRL_ENTRY_LOAD_DEBUG (must be set)
00:00:33.675671 HM:   VMX_VMCS_CTRL_ENTRY_IA32E_MODE_GUEST
00:00:33.675671 HM:   VMX_VMCS_CTRL_ENTRY_ENTRY_SMM
00:00:33.675672 HM:   VMX_VMCS_CTRL_ENTRY_DEACTIVATE_DUALMON
00:00:33.675672 HM:   VMX_VMCS_CTRL_ENTRY_LOAD_GUEST_PERF_MSR
00:00:33.675672 HM:   VMX_VMCS_CTRL_ENTRY_LOAD_GUEST_PAT_MSR
00:00:33.675673 HM:   VMX_VMCS_CTRL_ENTRY_LOAD_GUEST_EFER_MSR
00:00:33.675673 HM: MSR_IA32_VMX_EXIT_CTLS          = 0x7fffff00036dff
00:00:33.675673 HM:   VMX_VMCS_CTRL_EXIT_SAVE_DEBUG (must be set)
00:00:33.675674 HM:   VMX_VMCS_CTRL_EXIT_HOST_ADDR_SPACE_SIZE
00:00:33.675674 HM:   VMX_VMCS_CTRL_EXIT_LOAD_PERF_MSR
00:00:33.675674 HM:   VMX_VMCS_CTRL_EXIT_ACK_EXT_INT
00:00:33.675675 HM:   VMX_VMCS_CTRL_EXIT_SAVE_GUEST_PAT_MSR
00:00:33.675675 HM:   VMX_VMCS_CTRL_EXIT_LOAD_HOST_PAT_MSR
00:00:33.675685 HM:   VMX_VMCS_CTRL_EXIT_SAVE_GUEST_EFER_MSR
00:00:33.675685 HM:   VMX_VMCS_CTRL_EXIT_LOAD_HOST_EFER_MSR
00:00:33.675685 HM:   VMX_VMCS_CTRL_EXIT_SAVE_VMX_PREEMPT_TIMER
00:00:33.675686 HM: MSR_IA32_VMX_EPT_VPID_CAP       = 0xf0106334141
00:00:33.675686 HM:   MSR_IA32_VMX_EPT_VPID_CAP_RWX_X_ONLY
00:00:33.675687 HM:   MSR_IA32_VMX_EPT_VPID_CAP_GAW_48_BITS
00:00:33.675687 HM:   MSR_IA32_VMX_EPT_VPID_CAP_EMT_UC
00:00:33.675687 HM:   MSR_IA32_VMX_EPT_VPID_CAP_EMT_WB
00:00:33.675687 HM:   MSR_IA32_VMX_EPT_VPID_CAP_SP_21_BITS
00:00:33.675688 HM:   MSR_IA32_VMX_EPT_VPID_CAP_SP_30_BITS
00:00:33.675688 HM:   MSR_IA32_VMX_EPT_VPID_CAP_INVEPT
00:00:33.675688 HM:   MSR_IA32_VMX_EPT_VPID_CAP_INVEPT_SINGLE_CONTEXT
00:00:33.675688 HM:   MSR_IA32_VMX_EPT_VPID_CAP_INVEPT_ALL_CONTEXTS
00:00:33.675689 HM:   MSR_IA32_VMX_EPT_VPID_CAP_INVVPID
00:00:33.675689 HM:   MSR_IA32_VMX_EPT_VPID_CAP_INVVPID_INDIV_ADDR
00:00:33.675689 HM:   MSR_IA32_VMX_EPT_VPID_CAP_INVVPID_SINGLE_CONTEXT
00:00:33.675690 HM:   MSR_IA32_VMX_EPT_VPID_CAP_INVVPID_ALL_CONTEXTS
00:00:33.675690 HM:   MSR_IA32_VMX_EPT_VPID_CAP_INVVPID_SINGLE_CONTEXT_RETAIN_GLOBALS
00:00:33.675690 HM: MSR_IA32_VMX_MISC               = 0x300481e5
00:00:33.675691 HM:   MSR_IA32_VMX_MISC_PREEMPT_TSC_BIT      = 0x5
00:00:33.675691 HM:   MSR_IA32_VMX_MISC_STORE_EFERLMA_VMEXIT = true 
00:00:33.675691 HM:   MSR_IA32_VMX_MISC_ACTIVITY_STATES      = 0x7
00:00:33.675692 HM:   MSR_IA32_VMX_MISC_CR3_TARGET           = 0x4
00:00:33.675692 HM:   MSR_IA32_VMX_MISC_MAX_MSR              = 512
00:00:33.675692 HM:   MSR_IA32_VMX_MISC_RDMSR_SMBASE_MSR_SMM = true 
00:00:33.675693 HM:   MSR_IA32_VMX_MISC_SMM_MONITOR_CTL_B2   = true 
00:00:33.675693 HM:   MSR_IA32_VMX_MISC_VMWRITE_VMEXIT_INFO  = true 
00:00:33.675694 HM:   MSR_IA32_VMX_MISC_MSEG_ID              = 0x0
00:00:33.675694 HM: MSR_IA32_VMX_CR0_FIXED0         = 0x80000021
00:00:33.675694 HM: MSR_IA32_VMX_CR0_FIXED1         = 0xffffffff
00:00:33.675695 HM: MSR_IA32_VMX_CR4_FIXED0         = 0x2000
00:00:33.675695 HM: MSR_IA32_VMX_CR4_FIXED1         = 0x1727ff
00:00:33.675696 HM: MSR_IA32_VMX_VMCS_ENUM          = 0x2a
00:00:33.675696 HM:   MSR_IA32_VMX_VMCS_ENUM_HIGHEST_INDEX   = 0x15
00:00:33.675696 HM: MSR_A32_VMX_VMFUNC              = 0x1
00:00:33.675697 HM:   VMX_VMCS_CTRL_VMFUNC_EPTP_SWITCHING
00:00:33.675697 HM: APIC-access page physaddr       = 0x00000000ddb21000
00:00:33.675698 HM: VCPU  0: MSR bitmap physaddr    = 0x00000000ddb1e000
00:00:33.675698 HM: VCPU  0: VMCS physaddr          = 0x00000000ddb20000
00:00:33.675699 HM: Guest support: 32-bit and 64-bit
00:00:33.675707 HM: Supports VMCS EFER fields       = true 
00:00:33.675707 HM: VMX enabled!
00:00:33.675708 CPUM: SetGuestCpuIdFeature: Enabled SYSENTER/EXIT
00:00:33.675709 CPUM: SetGuestCpuIdFeature: Enabled PAE
00:00:33.675709 CPUM: SetGuestCpuIdFeature: Enabled LONG MODE
00:00:33.675710 CPUM: SetGuestCpuIdFeature: Enabled SYSCALL/RET
00:00:33.675710 CPUM: SetGuestCpuIdFeature: Enabled LAHF/SAHF
00:00:33.675710 CPUM: SetGuestCpuIdFeature: Enabled NX
00:00:33.675711 HM: Nested paging enabled!
00:00:33.675711 HM:   EPT flush type                = VMXFLUSHEPT_SINGLE_CONTEXT
00:00:33.675711 HM: Unrestricted guest execution enabled!
00:00:33.675712 HM: Large page support enabled
00:00:33.675712 HM: VPID enabled!
00:00:33.675712 HM:   VPID flush type               = VMXFLUSHVPID_SINGLE_CONTEXT
00:00:33.675713 HM: VMX-preemption timer enabled (cPreemptTimerShift=5)
00:00:33.675713 HM: VT-x/AMD-V init method: LOCAL
00:00:33.675714 VMM: fUsePeriodicPreemptionTimers=false
00:00:33.675740 CPUM: Logical host processors: 8 present, 8 max, 8 online, online mask: 00000000000000ff
00:00:33.676139 CPUM: Physical host cores: 4
00:00:33.676140 ************************* CPUID dump ************************
00:00:33.676181          Raw Standard CPUID Leaves
00:00:33.676181      Leaf/sub-leaf  eax      ebx      ecx      edx
00:00:33.676198 Gst: 00000000/0000  0000000d 756e6547 6c65746e 49656e69
00:00:33.676199 Hst:                0000000d 756e6547 6c65746e 49656e69
00:00:33.676200 Gst: 00000001/0000  000306c3 00000800 d6d8220b 078bfbff
00:00:33.676201 Hst:                000306c3 05100800 7ffafbbf bfebfbff
00:00:33.676202 Gst: 00000002/0000  76036301 00f0b5ff 00000000 00c10000
00:00:33.676202 Hst:                76036301 00f0b5ff 00000000 00c10000
00:00:33.676203 Gst: 00000003/0000  00000000 00000000 00000000 00000000
00:00:33.676203 Hst:                00000000 00000000 00000000 00000000
00:00:33.676204 Gst: 00000004/0000  00000121 01c0003f 0000003f 00000000
00:00:33.676205 Hst:                1c004121 01c0003f 0000003f 00000000
00:00:33.676205 Gst: 00000004/0001  00000122 01c0003f 0000003f 00000000
00:00:33.676206 Hst:                1c004122 01c0003f 0000003f 00000000
00:00:33.676207 Gst: 00000004/0002  00000143 01c0003f 000001ff 00000000
00:00:33.676207 Hst:                1c004143 01c0003f 000001ff 00000000
00:00:33.676208 Gst: 00000004/0003  00000163 03c0003f 00001fff 00000006
00:00:33.676208 Hst:                1c03c163 03c0003f 00001fff 00000006
00:00:33.676209 Gst: 00000004/0004  00000000 00000000 00000000 00000000
00:00:33.676210 Hst:                00000000 00000000 00000000 00000000
00:00:33.676210 Gst: 00000005/0000  00000040 00000040 00000000 00000000
00:00:33.676211 Hst:                00000040 00000040 00000003 00042120
00:00:33.676211 Gst: 00000006/0000  00000000 00000000 00000000 00000000
00:00:33.676212 Hst:                00000077 00000002 00000009 00000000
00:00:33.676212 Gst: 00000007/0000  00000000 00002000 00000000 00000000
00:00:33.676213 Hst:                00000000 00002fbb 00000000 00000000
00:00:33.676214 Gst: 00000007/0001  00000000 00000000 00000000 00000000
00:00:33.676215 Hst:                00000000 00000000 00000000 00000000
00:00:33.676216 Gst: 00000008/0000  00000000 00000000 00000000 00000000
00:00:33.676216 Hst:                00000000 00000000 00000000 00000000
00:00:33.676217 Gst: 00000009/0000  00000000 00000000 00000000 00000000
00:00:33.676218 Hst:                00000000 00000000 00000000 00000000
00:00:33.676218 Gst: 0000000a/0000  00000000 00000000 00000000 00000000
00:00:33.676219 Hst:                07300403 00000000 00000000 00000603
00:00:33.676219 Gst: 0000000b/0000  00000000 00000001 00000100 00000000
00:00:33.676220 Hst:                00000001 00000002 00000100 00000005
00:00:33.676220 Gst: 0000000b/0001  00000001 00000001 00000201 00000000
00:00:33.676221 Hst:                00000004 00000008 00000201 00000005
00:00:33.676221 Gst: 0000000b/0002  00000000 00000000 00000002 00000000
00:00:33.676222 Hst:                00000000 00000000 00000002 00000005
00:00:33.676222 Gst: 0000000c/0000  00000000 00000000 00000000 00000000
00:00:33.676223 Hst:                00000000 00000000 00000000 00000000
00:00:33.676223 Gst: 0000000d/0000  00000007 00000340 00000340 00000000
00:00:33.676224 Hst:                00000007 00000340 00000340 00000000
00:00:33.676224 Gst: 0000000d/0001  00000000 00000000 00000000 00000000
00:00:33.676225 Hst:                00000001 00000000 00000000 00000000
00:00:33.676225 Gst: 0000000d/0002  00000100 00000240 00000000 00000000
00:00:33.676226 Hst:                00000100 00000240 00000000 00000000
00:00:33.676227 Gst: 0000000d/0003  00000000 00000000 00000000 00000000
00:00:33.676227 Hst:                00000000 00000000 00000000 00000000
00:00:33.676239                                Name: GenuineIntel
00:00:33.676240                            Supports: 0x00000000-0x0000000d
00:00:33.676257                              Family:  6 	Extended: 0 	Effective: 6
00:00:33.676259                               Model: 12 	Extended: 3 	Effective: 60
00:00:33.676260                            Stepping: 3
00:00:33.676260                                Type: 0 (primary)
00:00:33.676261                             APIC ID: 0x00
00:00:33.676262                        Logical CPUs: 0
00:00:33.676263                        CLFLUSH Size: 8
00:00:33.676263                            Brand ID: 0x00
00:00:33.676264 Features
00:00:33.676264   Mnemonic - Description                                  = guest (host)
00:00:33.676265   FPU - x87 FPU on Chip                                   = 1 (1)
00:00:33.676266   VME - Virtual 8086 Mode Enhancements                    = 1 (1)
00:00:33.676267   DE - Debugging extensions                               = 1 (1)
00:00:33.676268   PSE - Page Size Extension                               = 1 (1)
00:00:33.676269   TSC - Time Stamp Counter                                = 1 (1)
00:00:33.676270   MSR - Model Specific Registers                          = 1 (1)
00:00:33.676271   PAE - Physical Address Extension                        = 1 (1)
00:00:33.676272   MCE - Machine Check Exception                           = 1 (1)
00:00:33.676273   CX8 - CMPXCHG8B instruction                             = 1 (1)
00:00:33.676274   APIC - APIC On-Chip                                     = 1 (1)
00:00:33.676275   SEP - SYSENTER and SYSEXIT Present                      = 1 (1)
00:00:33.676276   MTRR - Memory Type Range Registers                      = 1 (1)
00:00:33.676277   PGE - PTE Global Bit                                    = 1 (1)
00:00:33.676278   MCA - Machine Check Architecture                        = 1 (1)
00:00:33.676279   CMOV - Conditional Move instructions                    = 1 (1)
00:00:33.676280   PAT - Page Attribute Table                              = 1 (1)
00:00:33.676281   PSE-36 - 36-bit Page Size Extension                     = 1 (1)
00:00:33.676282   PSN - Processor Serial Number                           = 0 (0)
00:00:33.676283   CLFSH - CLFLUSH instruction                             = 1 (1)
00:00:33.676283   DS - Debug Store                                        = 0 (1)
00:00:33.676284   ACPI - Thermal Mon. & Soft. Clock Ctrl.                 = 0 (1)
00:00:33.676285   MMX - Intel MMX Technology                              = 1 (1)
00:00:33.676285   FXSR - FXSAVE and FXRSTOR instructions                  = 1 (1)
00:00:33.676286   SSE - SSE support                                       = 1 (1)
00:00:33.676287   SSE2 - SSE2 support                                     = 1 (1)
00:00:33.676287   SS - Self Snoop                                         = 0 (1)
00:00:33.676288   HTT - Hyper-Threading Technology                        = 0 (1)
00:00:33.676289   TM - Therm. Monitor                                     = 0 (1)
00:00:33.676290   PBE - Pending Break Enabled                             = 0 (1)
00:00:33.676291   SSE3 - SSE3 support                                     = 1 (1)
00:00:33.676292   PCLMUL - PCLMULQDQ support (for AES-GCM)                = 1 (1)
00:00:33.676293   DTES64 - DS Area 64-bit Layout                          = 0 (1)
00:00:33.676294   MONITOR - MONITOR/MWAIT instructions                    = 1 (1)
00:00:33.676295   CPL-DS - CPL Qualified Debug Store                      = 0 (1)
00:00:33.676296   VMX - Virtual Machine Extensions                        = 0 (1)
00:00:33.676297   SMX - Safer Mode Extensions                             = 0 (0)
00:00:33.676298   EST - Enhanced SpeedStep Technology                     = 0 (1)
00:00:33.676299   TM2 - Terminal Monitor 2                                = 0 (1)
00:00:33.676300   SSSE3 - Supplemental Streaming SIMD Extensions 3        = 1 (1)
00:00:33.676300   CNTX-ID - L1 Context ID                                 = 0 (0)
00:00:33.676301   SDBG - Silicon Debug interface                          = 0 (1)
00:00:33.676302   FMA - Fused Multiply Add extensions                     = 0 (1)
00:00:33.676302   CX16 - CMPXCHG16B instruction                           = 1 (1)
00:00:33.676303   TPRUPDATE - xTPR Update Control                         = 0 (1)
00:00:33.676304   PDCM - Perf/Debug Capability MSR                        = 0 (1)
00:00:33.676304   PCID - Process Context Identifiers                      = 0 (1)
00:00:33.676305   DCA - Direct Cache Access                               = 0 (0)
00:00:33.676306   SSE4_1 - SSE4_1 support                                 = 1 (1)
00:00:33.676306   SSE4_2 - SSE4_2 support                                 = 1 (1)
00:00:33.676307   X2APIC - x2APIC support                                 = 0 (1)
00:00:33.676307   MOVBE - MOVBE instruction                               = 1 (1)
00:00:33.676308   POPCNT - POPCNT instruction                             = 1 (1)
00:00:33.676309   TSCDEADL - Time Stamp Counter Deadline                  = 0 (1)
00:00:33.676310   AES - AES instructions                                  = 1 (1)
00:00:33.676311   XSAVE - XSAVE instruction                               = 1 (1)
00:00:33.676312   OSXSAVE - OSXSAVE instruction                           = 0 (1)
00:00:33.676313   AVX - AVX support                                       = 1 (1)
00:00:33.676314   F16C - 16-bit floating point conversion instructions    = 0 (1)
00:00:33.676314   RDRAND - RDRAND instruction                             = 1 (1)
00:00:33.676315   HVP - Hypervisor Present (we're a guest)                = 1 (0)
00:00:33.676316 Structured Extended Feature Flags Enumeration (leaf 7):
00:00:33.676316   Mnemonic - Description                                  = guest (host)
00:00:33.676317   FSGSBASE - RDFSBASE/RDGSBASE/WRFSBASE/WRGSBASE instr.   = 0 (1)
00:00:33.676317   TSCADJUST - Supports MSR_IA32_TSC_ADJUST                = 0 (1)
00:00:33.676318   BMI1 - Advanced Bit Manipulation extension 1            = 0 (1)
00:00:33.676318   HLE - Hardware Lock Elision                             = 0 (1)
00:00:33.676319   AVX2 - Advanced Vector Extensions 2                     = 0 (1)
00:00:33.676320   SMEP - Supervisor Mode Execution Prevention             = 0 (1)
00:00:33.676320   BMI2 - Advanced Bit Manipulation extension 2            = 0 (1)
00:00:33.676321   ERMS - Enhanced REP MOVSB/STOSB instructions            = 0 (1)
00:00:33.676321   INVPCID - INVPCID instruction                           = 0 (1)
00:00:33.676322   RTM - Restricted Transactional Memory                   = 0 (1)
00:00:33.676323   PQM - Platform Quality of Service Monitoring            = 0 (0)
00:00:33.676323   DEPFPU_CS_DS - Deprecates FPU CS, FPU DS values if set  = 1 (1)
00:00:33.676324   MPE - Intel Memory Protection Extensions                = 0 (0)
00:00:33.676324   PQE - Platform Quality of Service Enforcement           = 0 (0)
00:00:33.676325   AVX512F - AVX512 Foundation instructions                = 0 (0)
00:00:33.676325   RDSEED - RDSEED instruction                             = 0 (0)
00:00:33.676326   ADX - ADCX/ADOX instructions                            = 0 (0)
00:00:33.676327   SMAP - Supervisor Mode Access Prevention                = 0 (0)
00:00:33.676341   CLFLUSHOPT - CLFLUSHOPT (Cache Line Flush) instruction  = 0 (0)
00:00:33.676342   INTEL_PT - Intel Processor Trace                        = 0 (0)
00:00:33.676343   AVX512PF - AVX512 Prefetch instructions                 = 0 (0)
00:00:33.676344   AVX512ER - AVX512 Exponential & Reciprocal instructions = 0 (0)
00:00:33.676345   AVX512CD - AVX512 Conflict Detection instructions       = 0 (0)
00:00:33.676345   SHA - Secure Hash Algorithm extensions                  = 0 (0)
00:00:33.676346   PREFETCHWT1 - PREFETCHWT1 instruction                   = 0 (0)
00:00:33.676347   PKU - Protection Key for Usermode pages                 = 0 (0)
00:00:33.676347   OSPKU - CR4.PKU mirror                                  = 0 (0)
00:00:33.676348 Processor Extended State Enumeration (leaf 0xd):
00:00:33.676348    XSAVE area cur/max size by XCR0, guest: 0x340/0x340
00:00:33.676349     XSAVE area cur/max size by XCR0, host: 0x340/0x340
00:00:33.676349                    Valid XCR0 bits, guest: 0x00000000`00000007 ( x87 SSE YMM_Hi128 )
00:00:33.676351                     Valid XCR0 bits, host: 0x00000000`00000007 ( x87 SSE YMM_Hi128 )
00:00:33.676352                     XSAVE features, guest:
00:00:33.676353                      XSAVE features, host: XSAVEOPT
00:00:33.676354       XSAVE area cur size XCR0|XSS, guest: 0x0
00:00:33.676355        XSAVE area cur size XCR0|XSS, host: 0x0
00:00:33.676355                Valid IA32_XSS bits, guest: 0x00000000`00000000
00:00:33.676356                 Valid IA32_XSS bits, host: 0x00000000`00000000
00:00:33.676357   State #2, guest: off=0x0240, cb=0x0100 IA32_XSS-bit -- YMM_Hi128
00:00:33.676359   State #2, host:  off=0x0240, cb=0x0100 IA32_XSS-bit -- YMM_Hi128
00:00:33.676365          Raw Hypervisor CPUID Leaves
00:00:33.676365      Leaf/sub-leaf  eax      ebx      ecx      edx
00:00:33.676365 Gst: 40000000/0000  40000006 786f4256 786f4256 786f4256
00:00:33.676366 Hst:                00000007 00000340 00000340 00000000
00:00:33.676367 Gst: 40000001/0000  31237648 00000000 00000000 00000000
00:00:33.676368 Hst:                00000007 00000340 00000340 00000000
00:00:33.676369 Gst: 40000002/0000  00000000 00000000 00000000 00000000
00:00:33.676370 Hst:                00000007 00000340 00000340 00000000
00:00:33.676371 Gst: 40000003/0000  00000af2 00000000 00000000 00000500
00:00:33.676371 Hst:                00000007 00000340 00000340 00000000
00:00:33.676372 Gst: 40000004/0000  00000030 ffffffff 00000000 00000000
00:00:33.676373 Hst:                00000007 00000340 00000340 00000000
00:00:33.676374 Gst: 40000006/0000  0000000a 00000000 00000000 00000000
00:00:33.676375 Hst:                00000007 00000340 00000340 00000000
00:00:33.676376          Raw Extended CPUID Leaves
00:00:33.676376      Leaf/sub-leaf  eax      ebx      ecx      edx
00:00:33.676376 Gst: 80000000/0000  80000008 00000000 00000000 00000000
00:00:33.676377 Hst:                80000008 00000000 00000000 00000000
00:00:33.676378 Gst: 80000001/0000  00000000 00000000 00000021 28100800
00:00:33.676379 Hst:                00000000 00000000 00000021 2c100800
00:00:33.676380 Gst: 80000002/0000  65746e49 2952286c 726f4320 4d542865
00:00:33.676381 Hst:                65746e49 2952286c 726f4320 4d542865
00:00:33.676383 Gst: 80000003/0000  37692029 3937342d 43204b30 40205550
00:00:33.676384 Hst:                37692029 3937342d 43204b30 40205550
00:00:33.676385 Gst: 80000004/0000  302e3420 7a484730 00000000 00000000
00:00:33.676386 Hst:                302e3420 7a484730 00000000 00000000
00:00:33.676386 Gst: 80000005/0000  00000000 00000000 00000000 00000000
00:00:33.676387 Hst:                00000000 00000000 00000000 00000000
00:00:33.676388 Gst: 80000006/0000  00000000 00000000 01006040 00000000
00:00:33.676389 Hst:                00000000 00000000 01006040 00000000
00:00:33.676390 Gst: 80000007/0000  00000000 00000000 00000000 00000100
00:00:33.676390 Hst:                00000000 00000000 00000000 00000100
00:00:33.676391 Gst: 80000008/0000  00003027 00000000 00000000 00000000
00:00:33.676391 Hst:                00003027 00000000 00000000 00000000
00:00:33.676392 Ext Name:                        
00:00:33.676392 Ext Supports:                    0x80000000-0x80000008
00:00:33.676393 Family:                          0  	Extended: 0 	Effective: 0
00:00:33.676393 Model:                           0  	Extended: 0 	Effective: 0
00:00:33.676394 Stepping:                        0
00:00:33.676394 Brand ID:                        0x000
00:00:33.676394 Ext Features
00:00:33.676395   Mnemonic - Description                                  = guest (host)
00:00:33.676395   FPU - x87 FPU on Chip                                   = 0 (0)
00:00:33.676396   VME - Virtual 8086 Mode Enhancements                    = 0 (0)
00:00:33.676396   DE - Debugging extensions                               = 0 (0)
00:00:33.676397   PSE - Page Size Extension                               = 0 (0)
00:00:33.676398   TSC - Time Stamp Counter                                = 0 (0)
00:00:33.676398   MSR - K86 Model Specific Registers                      = 0 (0)
00:00:33.676399   PAE - Physical Address Extension                        = 0 (0)
00:00:33.676399   MCE - Machine Check Exception                           = 0 (0)
00:00:33.676400   CX8 - CMPXCHG8B instruction                             = 0 (0)
00:00:33.676401   APIC - APIC On-Chip                                     = 0 (0)
00:00:33.676401   SEP - SYSCALL/SYSRET                                    = 1 (1)
00:00:33.676402   MTRR - Memory Type Range Registers                      = 0 (0)
00:00:33.676403   PGE - PTE Global Bit                                    = 0 (0)
00:00:33.676403   MCA - Machine Check Architecture                        = 0 (0)
00:00:33.676404   CMOV - Conditional Move instructions                    = 0 (0)
00:00:33.676405   PAT - Page Attribute Table                              = 0 (0)
00:00:33.676406   PSE-36 - 36-bit Page Size Extension                     = 0 (0)
00:00:33.676407   NX - No-Execute/Execute-Disable                         = 1 (1)
00:00:33.676408   AXMMX - AMD Extensions to MMX instructions              = 0 (0)
00:00:33.676409   MMX - Intel MMX Technology                              = 0 (0)
00:00:33.676410   FXSR - FXSAVE and FXRSTOR Instructions                  = 0 (0)
00:00:33.676411   FFXSR - AMD fast FXSAVE and FXRSTOR instructions        = 0 (0)
00:00:33.676411   Page1GB - 1 GB large page                               = 0 (1)
00:00:33.676412   RDTSCP - RDTSCP instruction                             = 1 (1)
00:00:33.676413   LM - AMD64 Long Mode                                    = 1 (1)
00:00:33.676413   3DNOWEXT - AMD Extensions to 3DNow                      = 0 (0)
00:00:33.676414   3DNOW - AMD 3DNow                                       = 0 (0)
00:00:33.676415   LahfSahf - LAHF/SAHF support in 64-bit mode             = 1 (1)
00:00:33.676415   CmpLegacy - Core multi-processing legacy mode           = 0 (0)
00:00:33.676416   SVM - AMD VM extensions                                 = 0 (0)
00:00:33.676417   EXTAPIC - AMD Extended APIC registers                   = 0 (0)
00:00:33.676417   CR8L - AMD LOCK MOV CR0 means MOV CR8                   = 0 (0)
00:00:33.676418   ABM - AMD Advanced Bit Manipulation                     = 1 (1)
00:00:33.676418   SSE4A - SSE4A instructions                              = 0 (0)
00:00:33.676419   MISALIGNSSE - AMD Misaligned SSE mode                   = 0 (0)
00:00:33.676420   3DNOWPRF - AMD PREFETCH and PREFETCHW instructions      = 0 (0)
00:00:33.676420   OSVW - AMD OS Visible Workaround                        = 0 (0)
00:00:33.676421   IBS - Instruct Based Sampling                           = 0 (0)
00:00:33.676421   XOP - Extended Operation support                        = 0 (0)
00:00:33.676422   SKINIT - SKINIT, STGI, and DEV support                  = 0 (0)
00:00:33.676423   WDT - AMD Watchdog Timer support                        = 0 (0)
00:00:33.676423   LWP - Lightweight Profiling support                     = 0 (0)
00:00:33.676424   FMA4 - Four operand FMA instruction support             = 0 (0)
00:00:33.676424   NodeId - NodeId in MSR C001_100C                        = 0 (0)
00:00:33.676425   TBM - Trailing Bit Manipulation instructions            = 0 (0)
00:00:33.676425   TOPOEXT - Topology Extensions                           = 0 (0)
00:00:33.676426 Full Name:                       "Intel(R) Core(TM) i7-4790K CPU @ 4.00GHz"
00:00:33.676427 TLB 2/4M Instr/Uni:              res0     0 entries
00:00:33.676427 TLB 2/4M Data:                   res0     0 entries
00:00:33.676428 TLB 4K Instr/Uni:                res0     0 entries
00:00:33.676428 TLB 4K Data:                     res0     0 entries
00:00:33.676428 L1 Instr Cache Line Size:        0 bytes
00:00:33.676429 L1 Instr Cache Lines Per Tag:    0
00:00:33.676429 L1 Instr Cache Associativity:    res0  
00:00:33.676429 L1 Instr Cache Size:             0 KB
00:00:33.676429 L1 Data Cache Line Size:         0 bytes
00:00:33.676430 L1 Data Cache Lines Per Tag:     0
00:00:33.676430 L1 Data Cache Associativity:     res0  
00:00:33.676430 L1 Data Cache Size:              0 KB
00:00:33.676431 L2 TLB 2/4M Instr/Uni:           off       0 entries
00:00:33.676431 L2 TLB 2/4M Data:                off       0 entries
00:00:33.676431 L2 TLB 4K Instr/Uni:             off       0 entries
00:00:33.676432 L2 TLB 4K Data:                  off       0 entries
00:00:33.676432 L2 Cache Line Size:              0 bytes
00:00:33.676432 L2 Cache Lines Per Tag:          0
00:00:33.676432 L2 Cache Associativity:          off   
00:00:33.676433 L2 Cache Size:                   0 KB
00:00:33.676433 APM Features:                    TscInvariant
00:00:33.676434 Host Invariant-TSC support:      true 
00:00:33.676434 Physical Address Width:          39 bits
00:00:33.676435 Virtual Address Width:           48 bits
00:00:33.676435 Guest Physical Address Width:    0 bits
00:00:33.676435 Physical Core Count:             1
00:00:33.676436 
00:00:33.676436 ******************** End of CPUID dump **********************
00:00:33.693372 VMEmt: Halt method global1 (5)
00:00:33.693399 VMEmt: HaltedGlobal1 config: cNsSpinBlockThresholdCfg=125000
00:00:33.693415 Changing the VM state from 'CREATING' to 'CREATED'
00:00:33.696488 Changing the VM state from 'CREATED' to 'POWERING_ON'
00:00:33.696517 AIOMgr: Endpoints without assigned bandwidth groups:
00:00:33.696521 AIOMgr:     C:\Program Files\Oracle\VirtualBox\VBoxGuestAdditions.iso
00:00:33.696523 AIOMgr:     E:\Users\Ваня\Desktop\VM-PG\VM-PG.vdi
00:00:33.696571 Changing the VM state from 'POWERING_ON' to 'RUNNING'
00:00:33.696582 Console: Machine state changed to 'Running'
00:00:33.700126 VMMDev: Guest Log: BIOS: VirtualBox 5.0.16
00:00:33.701199 PIT: mode=2 count=0x10000 (65536) - 18.20 Hz (ch=0)
00:00:33.717657 ERROR [COM]: aRC=VBOX_E_IPRT_ERROR (0x80bb0005) aIID={7303a66d-433b-25a4-f9a8-fcadf87e0c2a} aComponent={DisplayWrap} aText={Could not take a screenshot (VERR_NOT_SUPPORTED)}, preserve=false aResultDetail=0
00:00:33.717909 AHCI#0: Reset the HBA
00:00:33.717952 AHCI#0: Port 0 reset
00:00:33.718423 VMMDev: Guest Log: BIOS: AHCI 0-P#0: PCHS=16383/16/63 LCHS=1024/255/63 0x000000000a180480 sectors
00:00:33.718466 AHCI#0: Port 1 reset
00:00:33.719011 PIT: mode=2 count=0x48d3 (18643) - 64.00 Hz (ch=0)
00:00:33.720829 Display::handleDisplayResize: uScreenId=0 pvVRAM=000000000f5d0000 w=640 h=480 bpp=32 cbLine=0xA00 flags=0x1
00:00:33.720879 GUI: UIFrameBufferPrivate::NotifyChange: Screen=0, Origin=0x0, Size=640x480, Sending to async-handler
00:00:33.720913 GUI: UIMachineView::sltHandleNotifyChange: Screen=0, Size=640x480
00:00:33.720923 GUI: UIFrameBufferPrivate::handleNotifyChange: Size=640x480
00:00:33.720927 GUI: UIFrameBufferPrivate::performResize: Size=640x480, Directly using source bitmap content
00:00:33.827376 GUI: UIMachineLogicFullscreen: Additions-state actual-change event, rebuild multi-screen layout
00:00:33.827451 GUI: UIMultiScreenLayout::update: GUI/AutomountGuestScreens is disabled
00:00:33.827519 GUI: 2D video acceleration is disabled
00:00:33.827526 GUI: HID LEDs sync is enabled
00:00:36.196153 PIT: mode=2 count=0x10000 (65536) - 18.20 Hz (ch=0)
00:00:36.196342 VMMDev: Guest Log: BIOS: Boot : bseqnr=1, bootseq=0231
00:00:36.196519 VMMDev: Guest Log: BIOS: Boot from Floppy 0 failed
00:00:36.196706 VMMDev: Guest Log: BIOS: Boot : bseqnr=2, bootseq=0023
00:00:36.198838 VMMDev: Guest Log: BIOS: CDROM boot failure code : 0004
00:00:36.198994 VMMDev: Guest Log: BIOS: Boot from CD-ROM failed
00:00:36.199181 VMMDev: Guest Log: BIOS: Boot : bseqnr=3, bootseq=0002
00:00:36.204948 VMMDev: Guest Log: BIOS: Booting from Hard Disk...
00:00:36.206007 Display::handleDisplayResize: uScreenId=0 pvVRAM=0000000000000000 w=720 h=400 bpp=0 cbLine=0x0 flags=0x1
00:00:36.206061 GUI: UIFrameBufferPrivate::NotifyChange: Screen=0, Origin=0x0, Size=720x400, Sending to async-handler
00:00:36.206093 GUI: UIMachineView::sltHandleNotifyChange: Screen=0, Size=720x400
00:00:36.206103 GUI: UIFrameBufferPrivate::handleNotifyChange: Size=720x400
00:00:36.206117 GUI: UIFrameBufferPrivate::performResize: Size=720x400, Directly using source bitmap content
00:00:36.512121 Display::handleDisplayResize: uScreenId=0 pvVRAM=000000000f5d0000 w=1024 h=768 bpp=24 cbLine=0xC00 flags=0x1
00:00:36.512180 GUI: UIFrameBufferPrivate::NotifyChange: Screen=0, Origin=0x0, Size=1024x768, Sending to async-handler
00:00:36.512222 GUI: UIMachineView::sltHandleNotifyChange: Screen=0, Size=1024x768
00:00:36.512233 GUI: UIFrameBufferPrivate::handleNotifyChange: Size=1024x768
00:00:36.512336 GUI: UIFrameBufferPrivate::performResize: Size=1024x768, Directly using source bitmap content
00:00:38.536011 GIM: HyperV: Guest OS reported ID 0x1040603002580
00:00:38.536028 GIM: HyperV: Open-source=false Vendor=0x1 OS=0x4 (Windows NT or derivative) Major=6 Minor=3 ServicePack=0 Build=9600
00:00:38.536080 GIM: HyperV: Enabled TSC page at 0x0000000000007000 - u64TscScale=0xa3ef4100000000 u64TscKHz=0x3cfffc (3 997 692) Seq=1
00:00:38.536087 TM: Switching TSC mode from 'Dynamic' to 'RealTscOffset'
00:00:38.665900 RTC: period=0x200 (512) 64 Hz
00:00:39.440326 AHCI#0: Reset the HBA
00:00:39.457261 VMMDev: Guest Log: VBoxGuest: Windows version 6.3, build 9600
00:00:39.461686 VMMDev: Guest Additions information report: Version 5.1.14 r112924 '5.1.14'
00:00:39.461726 VMMDev: Guest Additions information report: Interface = 0x00010004 osType = 0x0003A100 (Windows 8.1, 64-bit)
00:00:39.461924 GUI: UISession::sltAdditionsChange: GA state change event came, notifying listeners.
00:00:39.461943 VMMDev: Guest Additions capability report: (0x0 -> 0x0) seamless: no, hostWindowMapping: no, graphics: no
00:00:39.461988 GUI: UISession::sltAdditionsChange: GA state change event came, notifying listeners.
00:00:39.462049 VMMDev: Guest reported fixed hypervisor window at 00062c00000 LB 0x2400000 (rc=VINF_SUCCESS)
00:00:39.462068 VMMDev: vmmDevReqHandler_HeartbeatConfigure: No change (fHeartbeatActive=false).
00:00:39.462085 VMMDev: Heartbeat flatline timer set to trigger after 4 000 000 000 ns
00:00:39.462134 GUI: UISession::sltAdditionsChange: GA state really changed, notifying listeners.
00:00:39.462143 GUI: UIMachineLogicFullscreen: Additions-state actual-change event, rebuild multi-screen layout
00:00:39.462345 GUI: UIMultiScreenLayout::update: GUI/AutomountGuestScreens is disabled
00:00:39.462380 GUI: UIMachineViewFullscreen::adjustGuestScreenSize: Adjust guest-screen size if necessary.
00:00:39.462385 GUI: UISession::sltAdditionsChange: GA state change event came, notifying listeners.
00:00:51.820862 AIOMgr: Preparing flush failed with VERR_NOT_SUPPORTED, disabling async flushes
00:00:53.564013 VMMDev: Guest Log: VBoxMP::DriverEntry: VBox WDDM Driver for Windows 8+ version 5.1.14r112924, 64 bit; Built Jan 16 2017 16:46:49
00:00:53.564086 VMMDev: Guest Log: VBoxMP::DriverEntry: OsVersion(6, 3, 9600)
00:00:53.564263 VMMDev: Guest Log: VBoxMP::VBoxMpCrCtlConConnectHgcm: WARNING! :vboxCrCtlConConnect failed, rc (-3302)
00:00:53.564280 VMMDev: Guest Additions capability report: (0x0 -> 0x0) seamless: no, hostWindowMapping: no, graphics: no
00:00:53.564322 GUI: UISession::sltAdditionsChange: GA state change event came, notifying listeners.
00:00:53.564353 VMMDev: Guest Log: VBoxMP::VBoxMpCrCtlConInit: VBoxMpCrCtlConConnectHgcm failed with rc(-3302), 3D not supported!
00:00:53.564384 VMMDev: Guest Log: VBoxMP::DriverEntry: 3D is NOT supported by the host, falling back to display-only mode..
00:00:57.434851 HDA: Reset
00:00:57.463177 HDA: Reset
00:00:57.499303 OHCI: Software reset
00:00:57.499434 OHCI: USB Reset
00:00:57.541211 RTC: period=0x10 (16) 2048 Hz
00:00:57.549710 OHCI: USB Operational
00:00:57.556299 RTC: period=0x200 (512) 64 Hz
00:00:57.900304 RTC: period=0x10 (16) 2048 Hz
00:00:57.915872 RTC: period=0x200 (512) 64 Hz
00:00:57.916924 RTC: period=0x10 (16) 2048 Hz
00:00:57.931357 RTC: period=0x200 (512) 64 Hz
00:00:57.932194 RTC: period=0x10 (16) 2048 Hz
00:00:57.940687 VMMDev: Guest Log: VBoxMP::vboxWddmPickResources: found the VBE card
00:00:57.941697 VMMDev: Guest Log: VBoxMP::DxgkDdiStartDevice: using HGSMI
00:00:57.947325 RTC: period=0x200 (512) 64 Hz
00:00:57.963836 RTC: period=0x10 (16) 2048 Hz
00:00:57.978840 RTC: period=0x200 (512) 64 Hz
00:00:57.979337 RTC: period=0x10 (16) 2048 Hz
00:00:57.990133 VBVA: InfoScreen: [0] @0,0 1400x1050, line 0x15e0, BPP 32, flags 0x1
00:00:57.990158 Display::handleDisplayResize: uScreenId=0 pvVRAM=000000000f5d0000 w=1400 h=1050 bpp=32 cbLine=0x15E0 flags=0x1
00:00:57.990202 GUI: UIFrameBufferPrivate::NotifyChange: Screen=0, Origin=0x0, Size=1400x1050, Sending to async-handler
00:00:57.990243 GUI: UIMachineView::sltHandleNotifyChange: Screen=0, Size=1400x1050
00:00:57.990253 GUI: UIFrameBufferPrivate::handleNotifyChange: Size=1400x1050
00:00:57.990490 GUI: UIFrameBufferPrivate::performResize: Size=1400x1050, Directly using source bitmap content
00:00:57.993560 RTC: period=0x200 (512) 64 Hz
00:00:58.010340 RTC: period=0x10 (16) 2048 Hz
00:00:58.025352 RTC: period=0x200 (512) 64 Hz
00:00:58.041272 RTC: period=0x10 (16) 2048 Hz
00:00:58.056354 RTC: period=0x200 (512) 64 Hz
00:00:58.072744 RTC: period=0x10 (16) 2048 Hz
00:00:58.087358 RTC: period=0x200 (512) 64 Hz
00:00:58.087760 RTC: period=0x10 (16) 2048 Hz
00:00:58.102897 RTC: period=0x200 (512) 64 Hz
00:00:58.683451 NAT: IPv6 not supported
00:01:00.703871 GUI: UISession::sltAdditionsChange: GA state change event came, notifying listeners.
00:01:00.706873 GUI: UISession::sltAdditionsChange: GA state really changed, notifying listeners.
00:01:00.706885 GUI: UIMachineLogicFullscreen: Additions-state actual-change event, rebuild multi-screen layout
00:01:00.706973 GUI: UIMultiScreenLayout::update: GUI/AutomountGuestScreens is disabled
00:01:00.707008 GUI: UIMachineViewFullscreen::adjustGuestScreenSize: Adjust guest-screen size if necessary.
00:01:00.707012 GUI: UISession::sltAdditionsChange: GA state change event came, notifying listeners.
00:01:02.388926 NAT: Link up
00:01:02.562696 NAT: DHCP offered IP address 10.0.2.15
00:01:02.563137 NAT: DHCP offered IP address 10.0.2.15
00:01:29.428271 GUI: UISession::sltAdditionsChange: GA state change event came, notifying listeners.
00:01:29.467498 VMMDev: Guest Additions capability report: (0x0 -> 0x1) seamless: yes, hostWindowMapping: no, graphics: no
00:01:29.467552 GUI: UISession::sltAdditionsChange: GA state really changed, notifying listeners.
00:01:29.467560 GUI: UIMachineLogicFullscreen: Additions-state actual-change event, rebuild multi-screen layout
00:01:29.467756 GUI: UIMultiScreenLayout::update: GUI/AutomountGuestScreens is disabled
00:01:29.467778 GUI: UIMachineViewFullscreen::adjustGuestScreenSize: Adjust guest-screen size if necessary.
00:01:29.467781 GUI: UISession::sltAdditionsChange: GA state change event came, notifying listeners.
00:01:34.478895 VMMDev: Guest Additions capability report: (0x1 -> 0x0) seamless: no, hostWindowMapping: no, graphics: no
00:01:34.478963 GUI: UISession::sltAdditionsChange: GA state really changed, notifying listeners.
00:01:34.478974 GUI: UIMachineLogicFullscreen: Additions-state actual-change event, rebuild multi-screen layout
00:01:34.479163 GUI: UIMultiScreenLayout::update: GUI/AutomountGuestScreens is disabled
00:01:34.479190 GUI: UIMachineViewFullscreen::adjustGuestScreenSize: Adjust guest-screen size if necessary.
00:01:34.479193 GUI: UISession::sltAdditionsChange: GA state change event came, notifying listeners.
00:01:34.533318 GUI: UISession::sltAdditionsChange: GA state change event came, notifying listeners.
00:01:50.942072 RTC: period=0x20 (32) 1024 Hz
00:01:51.244118 RTC: period=0x200 (512) 64 Hz
00:02:51.188412 RTC: period=0x20 (32) 1024 Hz
00:02:51.197205 RTC: period=0x200 (512) 64 Hz
00:03:03.683350 RTC: period=0x20 (32) 1024 Hz
00:03:03.697018 RTC: period=0x200 (512) 64 Hz
00:03:03.864632 RTC: period=0x20 (32) 1024 Hz
00:03:03.884147 RTC: period=0x200 (512) 64 Hz
00:03:17.791603 RTC: period=0x10 (16) 2048 Hz
00:03:18.259163 RTC: period=0x200 (512) 64 Hz
00:03:18.589189 RTC: period=0x10 (16) 2048 Hz
00:03:19.337298 RTC: period=0x200 (512) 64 Hz
00:12:08.484000 OHCI#0: Lagging too far behind, not trying to catch up anymore. Expect glitches with USB devices
00:15:24.199109 OHCI#0: Lagging too far behind, not trying to catch up anymore. Expect glitches with USB devices
00:15:46.878949 OHCI#0: Lagging too far behind, not trying to catch up anymore. Expect glitches with USB devices
